<?xml version="1.0" encoding="UTF-8"?>
<robot generator="Robot 7.0.1 (Python 3.12.3 on linux)" generated="2024-09-08T19:36:49.153057" rpa="false" schemaversion="5">
<suite id="s1" name="Products Tests" source="/home/mimo/Documentos/RobotFrameworkSelenium/tests/products_tests.robot">
<test id="s1-t1" name="Successful Login to Swag Labs and Validation Page of Products" line="12">
<kw name="Open Browser And Access Site" owner="login_keywords">
<kw name="Open Browser" owner="SeleniumLibrary">
<msg time="2024-09-08T19:36:49.235573" level="INFO">Opening browser 'chrome' to base url 'https://www.saucedemo.com/'.</msg>
<arg>${URL_SITE}</arg>
<arg>${BROWSER}</arg>
<doc>Opens a new browser instance to the optional ``url``.</doc>
<status status="PASS" start="2024-09-08T19:36:49.235329" elapsed="0.762509"/>
</kw>
<kw name="Maximize Browser Window" owner="SeleniumLibrary">
<doc>Maximizes current browser window.</doc>
<status status="PASS" start="2024-09-08T19:36:49.998143" elapsed="0.027525"/>
</kw>
<status status="PASS" start="2024-09-08T19:36:49.234759" elapsed="0.791278"/>
</kw>
<kw name="Fill Login Form" owner="login_keywords">
<kw name="Input Text" owner="SeleniumLibrary">
<msg time="2024-09-08T19:36:50.028249" level="INFO">Typing text 'standard_user' into text field 'id=user-name'.</msg>
<arg>${USERNAME_ID}</arg>
<arg>${username}</arg>
<doc>Types the given ``text`` into the text field identified by ``locator``.</doc>
<status status="PASS" start="2024-09-08T19:36:50.027472" elapsed="0.090472"/>
</kw>
<kw name="Input Text" owner="SeleniumLibrary">
<msg time="2024-09-08T19:36:50.118550" level="INFO">Typing text 'secret_sauce' into text field 'id=password'.</msg>
<arg>${PASSWORD_ID}</arg>
<arg>${password}</arg>
<doc>Types the given ``text`` into the text field identified by ``locator``.</doc>
<status status="PASS" start="2024-09-08T19:36:50.118224" elapsed="0.051796"/>
</kw>
<kw name="Click Button" owner="SeleniumLibrary">
<msg time="2024-09-08T19:36:50.170727" level="INFO">Clicking button 'id=login-button'.</msg>
<arg>${LOGIN_BTN_ID}</arg>
<doc>Clicks the button identified by ``locator``.</doc>
<status status="PASS" start="2024-09-08T19:36:50.170295" elapsed="0.065003"/>
</kw>
<arg>${VALID_USERNAME}</arg>
<arg>${VALID_PASSWORD}</arg>
<status status="PASS" start="2024-09-08T19:36:50.026722" elapsed="0.208892"/>
</kw>
<kw name="Go To" owner="SeleniumLibrary">
<msg time="2024-09-08T19:36:50.236574" level="INFO">Opening url 'https://www.saucedemo.com/inventory.html'</msg>
<arg>https://www.saucedemo.com/inventory.html</arg>
<doc>Navigates the current browser window to the provided ``url``.</doc>
<status status="PASS" start="2024-09-08T19:36:50.236172" elapsed="0.037310"/>
</kw>
<kw name="Wait Until Element Is Visible" owner="SeleniumLibrary">
<arg>id:inventory_container</arg>
<arg>timeout=10s</arg>
<doc>Waits until the element ``locator`` is visible.</doc>
<status status="PASS" start="2024-09-08T19:36:50.273964" elapsed="0.271272"/>
</kw>
<kw name="Close All Browsers" owner="SeleniumLibrary">
<doc>Closes all open browsers and resets the browser cache.</doc>
<status status="PASS" start="2024-09-08T19:36:50.545576" elapsed="0.074440"/>
</kw>
<doc>Verify that a user with valid credentials can log in successfully and navigate to the products page</doc>
<status status="PASS" start="2024-09-08T19:36:49.234265" elapsed="1.386184"/>
</test>
<test id="s1-t2" name="Click Menu on All Items" line="20">
<kw name="Login With Valid Credentials" owner="login_keywords">
<kw name="Open Browser And Access Site" owner="login_keywords">
<kw name="Open Browser" owner="SeleniumLibrary">
<msg time="2024-09-08T19:36:50.622045" level="INFO">Opening browser 'chrome' to base url 'https://www.saucedemo.com/'.</msg>
<arg>${URL_SITE}</arg>
<arg>${BROWSER}</arg>
<doc>Opens a new browser instance to the optional ``url``.</doc>
<status status="PASS" start="2024-09-08T19:36:50.621837" elapsed="0.834747"/>
</kw>
<kw name="Maximize Browser Window" owner="SeleniumLibrary">
<doc>Maximizes current browser window.</doc>
<status status="PASS" start="2024-09-08T19:36:51.456865" elapsed="0.020968"/>
</kw>
<status status="PASS" start="2024-09-08T19:36:50.621621" elapsed="0.856440"/>
</kw>
<kw name="Fill Login Form" owner="login_keywords">
<kw name="Input Text" owner="SeleniumLibrary">
<msg time="2024-09-08T19:36:51.478950" level="INFO">Typing text 'standard_user' into text field 'id=user-name'.</msg>
<arg>${USERNAME_ID}</arg>
<arg>${username}</arg>
<doc>Types the given ``text`` into the text field identified by ``locator``.</doc>
<status status="PASS" start="2024-09-08T19:36:51.478719" elapsed="0.083701"/>
</kw>
<kw name="Input Text" owner="SeleniumLibrary">
<msg time="2024-09-08T19:36:51.562915" level="INFO">Typing text 'secret_sauce' into text field 'id=password'.</msg>
<arg>${PASSWORD_ID}</arg>
<arg>${password}</arg>
<doc>Types the given ``text`` into the text field identified by ``locator``.</doc>
<status status="PASS" start="2024-09-08T19:36:51.562666" elapsed="0.054720"/>
</kw>
<kw name="Click Button" owner="SeleniumLibrary">
<msg time="2024-09-08T19:36:51.617870" level="INFO">Clicking button 'id=login-button'.</msg>
<arg>${LOGIN_BTN_ID}</arg>
<doc>Clicks the button identified by ``locator``.</doc>
<status status="PASS" start="2024-09-08T19:36:51.617626" elapsed="0.059190"/>
</kw>
<arg>${VALID_USERNAME}</arg>
<arg>${VALID_PASSWORD}</arg>
<status status="PASS" start="2024-09-08T19:36:51.478329" elapsed="0.198715"/>
</kw>
<status status="PASS" start="2024-09-08T19:36:50.621330" elapsed="1.055848"/>
</kw>
<kw name="Wait Until Element Is Visible" owner="SeleniumLibrary">
<arg>${MENU}</arg>
<arg>timeout=10s</arg>
<doc>Waits until the element ``locator`` is visible.</doc>
<status status="PASS" start="2024-09-08T19:36:51.677963" elapsed="0.018048"/>
</kw>
<kw name="Click Element" owner="SeleniumLibrary">
<msg time="2024-09-08T19:36:51.696729" level="INFO">Clicking element 'id:react-burger-menu-btn'.</msg>
<arg>${MENU}</arg>
<doc>Click the element identified by ``locator``.</doc>
<status status="PASS" start="2024-09-08T19:36:51.696376" elapsed="0.031940"/>
</kw>
<kw name="Wait Until Element Is Visible" owner="SeleniumLibrary">
<arg>${MENU_ALL_ITEMS}</arg>
<arg>timeout=10s</arg>
<doc>Waits until the element ``locator`` is visible.</doc>
<status status="PASS" start="2024-09-08T19:36:51.728767" elapsed="0.250953"/>
</kw>
<kw name="Click Element" owner="SeleniumLibrary">
<msg time="2024-09-08T19:36:51.981590" level="INFO">Clicking element 'id:inventory_sidebar_link'.</msg>
<arg>${MENU_ALL_ITEMS}</arg>
<doc>Click the element identified by ``locator``.</doc>
<status status="PASS" start="2024-09-08T19:36:51.980377" elapsed="0.107120"/>
</kw>
<kw name="Wait Until Element Is Visible" owner="SeleniumLibrary">
<arg>${PAGE_HEADER}</arg>
<arg>timeout=10s</arg>
<doc>Waits until the element ``locator`` is visible.</doc>
<status status="PASS" start="2024-09-08T19:36:52.087933" elapsed="0.037105"/>
</kw>
<kw name="Element Text Should Be" owner="SeleniumLibrary">
<msg time="2024-09-08T19:36:52.125891" level="INFO">Verifying element 'id:inventory_sidebar_link' contains exact text 'All Items'.</msg>
<arg>${PAGE_HEADER}</arg>
<arg>All Items</arg>
<doc>Verifies that element ``locator`` contains exact the text ``expected``.</doc>
<status status="PASS" start="2024-09-08T19:36:52.125487" elapsed="0.021070"/>
</kw>
<kw name="Close All Browsers" owner="SeleniumLibrary">
<doc>Closes all open browsers and resets the browser cache.</doc>
<status status="PASS" start="2024-09-08T19:36:52.147185" elapsed="0.062788"/>
</kw>
<doc>Click the menu button to view all items and verify navigation</doc>
<status status="PASS" start="2024-09-08T19:36:50.620894" elapsed="1.589478"/>
</test>
<test id="s1-t3" name="Close Menu" line="31">
<kw name="Login With Valid Credentials" owner="login_keywords">
<kw name="Open Browser And Access Site" owner="login_keywords">
<kw name="Open Browser" owner="SeleniumLibrary">
<msg time="2024-09-08T19:36:52.212103" level="INFO">Opening browser 'chrome' to base url 'https://www.saucedemo.com/'.</msg>
<arg>${URL_SITE}</arg>
<arg>${BROWSER}</arg>
<doc>Opens a new browser instance to the optional ``url``.</doc>
<status status="PASS" start="2024-09-08T19:36:52.211870" elapsed="0.760338"/>
</kw>
<kw name="Maximize Browser Window" owner="SeleniumLibrary">
<doc>Maximizes current browser window.</doc>
<status status="PASS" start="2024-09-08T19:36:52.972768" elapsed="0.023475"/>
</kw>
<status status="PASS" start="2024-09-08T19:36:52.211635" elapsed="0.784991"/>
</kw>
<kw name="Fill Login Form" owner="login_keywords">
<kw name="Input Text" owner="SeleniumLibrary">
<msg time="2024-09-08T19:36:52.998335" level="INFO">Typing text 'standard_user' into text field 'id=user-name'.</msg>
<arg>${USERNAME_ID}</arg>
<arg>${username}</arg>
<doc>Types the given ``text`` into the text field identified by ``locator``.</doc>
<status status="PASS" start="2024-09-08T19:36:52.997921" elapsed="0.089123"/>
</kw>
<kw name="Input Text" owner="SeleniumLibrary">
<msg time="2024-09-08T19:36:53.087564" level="INFO">Typing text 'secret_sauce' into text field 'id=password'.</msg>
<arg>${PASSWORD_ID}</arg>
<arg>${password}</arg>
<doc>Types the given ``text`` into the text field identified by ``locator``.</doc>
<status status="PASS" start="2024-09-08T19:36:53.087289" elapsed="0.053412"/>
</kw>
<kw name="Click Button" owner="SeleniumLibrary">
<msg time="2024-09-08T19:36:53.141388" level="INFO">Clicking button 'id=login-button'.</msg>
<arg>${LOGIN_BTN_ID}</arg>
<doc>Clicks the button identified by ``locator``.</doc>
<status status="PASS" start="2024-09-08T19:36:53.140971" elapsed="0.064806"/>
</kw>
<arg>${VALID_USERNAME}</arg>
<arg>${VALID_PASSWORD}</arg>
<status status="PASS" start="2024-09-08T19:36:52.997173" elapsed="0.208898"/>
</kw>
<status status="PASS" start="2024-09-08T19:36:52.211329" elapsed="0.994953"/>
</kw>
<kw name="Wait Until Element Is Visible" owner="SeleniumLibrary">
<arg>${MENU}</arg>
<arg>timeout=10s</arg>
<doc>Waits until the element ``locator`` is visible.</doc>
<status status="PASS" start="2024-09-08T19:36:53.206687" elapsed="0.020944"/>
</kw>
<kw name="Click Element" owner="SeleniumLibrary">
<msg time="2024-09-08T19:36:53.228557" level="INFO">Clicking element 'id:react-burger-menu-btn'.</msg>
<arg>${MENU}</arg>
<doc>Click the element identified by ``locator``.</doc>
<status status="PASS" start="2024-09-08T19:36:53.228160" elapsed="0.026997"/>
</kw>
<kw name="Wait Until Element Is Visible" owner="SeleniumLibrary">
<arg>${MENU_ALL_ITEMS}</arg>
<arg>timeout=10s</arg>
<doc>Waits until the element ``locator`` is visible.</doc>
<status status="PASS" start="2024-09-08T19:36:53.255620" elapsed="0.220651"/>
</kw>
<kw name="Click Element" owner="SeleniumLibrary">
<msg time="2024-09-08T19:36:53.476911" level="INFO">Clicking element 'id:inventory_sidebar_link'.</msg>
<arg>${MENU_ALL_ITEMS}</arg>
<doc>Click the element identified by ``locator``.</doc>
<status status="PASS" start="2024-09-08T19:36:53.476636" elapsed="0.026582"/>
</kw>
<kw name="Wait Until Element Is Visible" owner="SeleniumLibrary">
<arg>${CLOSE_MENU}</arg>
<arg>timeout=10s</arg>
<doc>Waits until the element ``locator`` is visible.</doc>
<status status="PASS" start="2024-09-08T19:36:53.503674" elapsed="0.011169"/>
</kw>
<kw name="Click Element" owner="SeleniumLibrary">
<msg time="2024-09-08T19:36:53.515563" level="INFO">Clicking element 'id:react-burger-cross-btn'.</msg>
<arg>${CLOSE_MENU}</arg>
<doc>Click the element identified by ``locator``.</doc>
<status status="PASS" start="2024-09-08T19:36:53.515254" elapsed="0.021329"/>
</kw>
<kw name="Close All Browsers" owner="SeleniumLibrary">
<doc>Closes all open browsers and resets the browser cache.</doc>
<status status="PASS" start="2024-09-08T19:36:53.536962" elapsed="0.059055"/>
</kw>
<doc>Click the menu button, select an item, and then close the menu</doc>
<status status="PASS" start="2024-09-08T19:36:52.210775" elapsed="1.385586"/>
</test>
<test id="s1-t4" name="Add Sauce Labs Backpack to Cart" line="42">
<kw name="Login With Valid Credentials" owner="login_keywords">
<kw name="Open Browser And Access Site" owner="login_keywords">
<kw name="Open Browser" owner="SeleniumLibrary">
<msg time="2024-09-08T19:36:53.597647" level="INFO">Opening browser 'chrome' to base url 'https://www.saucedemo.com/'.</msg>
<arg>${URL_SITE}</arg>
<arg>${BROWSER}</arg>
<doc>Opens a new browser instance to the optional ``url``.</doc>
<status status="PASS" start="2024-09-08T19:36:53.597461" elapsed="0.793789"/>
</kw>
<kw name="Maximize Browser Window" owner="SeleniumLibrary">
<doc>Maximizes current browser window.</doc>
<status status="PASS" start="2024-09-08T19:36:54.391627" elapsed="0.020244"/>
</kw>
<status status="PASS" start="2024-09-08T19:36:53.597277" elapsed="0.814814"/>
</kw>
<kw name="Fill Login Form" owner="login_keywords">
<kw name="Input Text" owner="SeleniumLibrary">
<msg time="2024-09-08T19:36:54.412926" level="INFO">Typing text 'standard_user' into text field 'id=user-name'.</msg>
<arg>${USERNAME_ID}</arg>
<arg>${username}</arg>
<doc>Types the given ``text`` into the text field identified by ``locator``.</doc>
<status status="PASS" start="2024-09-08T19:36:54.412692" elapsed="0.088664"/>
</kw>
<kw name="Input Text" owner="SeleniumLibrary">
<msg time="2024-09-08T19:36:54.502029" level="INFO">Typing text 'secret_sauce' into text field 'id=password'.</msg>
<arg>${PASSWORD_ID}</arg>
<arg>${password}</arg>
<doc>Types the given ``text`` into the text field identified by ``locator``.</doc>
<status status="PASS" start="2024-09-08T19:36:54.501740" elapsed="0.055065"/>
</kw>
<kw name="Click Button" owner="SeleniumLibrary">
<msg time="2024-09-08T19:36:54.557254" level="INFO">Clicking button 'id=login-button'.</msg>
<arg>${LOGIN_BTN_ID}</arg>
<doc>Clicks the button identified by ``locator``.</doc>
<status status="PASS" start="2024-09-08T19:36:54.557027" elapsed="0.062556"/>
</kw>
<arg>${VALID_USERNAME}</arg>
<arg>${VALID_PASSWORD}</arg>
<status status="PASS" start="2024-09-08T19:36:54.412299" elapsed="0.207554"/>
</kw>
<status status="PASS" start="2024-09-08T19:36:53.597068" elapsed="1.022911"/>
</kw>
<kw name="Go To" owner="SeleniumLibrary">
<msg time="2024-09-08T19:36:54.620661" level="INFO">Opening url 'https://www.saucedemo.com/inventory.html'</msg>
<arg>https://www.saucedemo.com/inventory.html</arg>
<doc>Navigates the current browser window to the provided ``url``.</doc>
<status status="PASS" start="2024-09-08T19:36:54.620368" elapsed="0.037856"/>
</kw>
<kw name="Wait Until Element Is Visible" owner="SeleniumLibrary">
<arg>xpath=//div[contains(@class, 'inventory_item') and .//div[contains(text(), 'Sauce Labs Backpack')]]</arg>
<arg>timeout=10s</arg>
<doc>Waits until the element ``locator`` is visible.</doc>
<status status="PASS" start="2024-09-08T19:36:54.658689" elapsed="0.053814"/>
</kw>
<kw name="Click Element" owner="SeleniumLibrary">
<msg time="2024-09-08T19:36:54.713186" level="INFO">Clicking element 'xpath=//div[contains(@class, 'inventory_item') and .//div[contains(text(), 'Sauce Labs Backpack')]]//button'.</msg>
<arg>xpath=//div[contains(@class, 'inventory_item') and .//div[contains(text(), 'Sauce Labs Backpack')]]//button</arg>
<doc>Click the element identified by ``locator``.</doc>
<status status="PASS" start="2024-09-08T19:36:54.712878" elapsed="0.031976"/>
</kw>
<kw name="Wait Until Element Is Visible" owner="SeleniumLibrary">
<arg>xpath=//button[contains(@id, 'remove-sauce-labs-backpack')]</arg>
<arg>timeout=10s</arg>
<doc>Waits until the element ``locator`` is visible.</doc>
<status status="PASS" start="2024-09-08T19:36:54.745252" elapsed="0.013111"/>
</kw>
<kw name="Element Text Should Be" owner="SeleniumLibrary">
<msg time="2024-09-08T19:36:54.759079" level="INFO">Verifying element 'xpath=//button[contains(@id, 'remove-sauce-labs-backpack')]' contains exact text 'Remove'.</msg>
<arg>xpath=//button[contains(@id, 'remove-sauce-labs-backpack')]</arg>
<arg>Remove</arg>
<doc>Verifies that element ``locator`` contains exact the text ``expected``.</doc>
<status status="PASS" start="2024-09-08T19:36:54.758772" elapsed="0.013283"/>
</kw>
<kw name="Click Element" owner="SeleniumLibrary">
<msg time="2024-09-08T19:36:54.772758" level="INFO">Clicking element 'css=div#shopping_cart_container'.</msg>
<arg>css=div#shopping_cart_container</arg>
<doc>Click the element identified by ``locator``.</doc>
<status status="PASS" start="2024-09-08T19:36:54.772470" elapsed="0.033239"/>
</kw>
<kw name="Wait Until Element Is Visible" owner="SeleniumLibrary">
<arg>xpath=//span[contains(@class, 'shopping_cart_badge')]</arg>
<arg>timeout=10s</arg>
<doc>Waits until the element ``locator`` is visible.</doc>
<status status="PASS" start="2024-09-08T19:36:54.806216" elapsed="0.014424"/>
</kw>
<kw name="Element Text Should Be" owner="SeleniumLibrary">
<msg time="2024-09-08T19:36:54.821332" level="INFO">Verifying element 'xpath=//span[contains(@class, 'shopping_cart_badge')]' contains exact text '1'.</msg>
<arg>xpath=//span[contains(@class, 'shopping_cart_badge')]</arg>
<arg>1</arg>
<doc>Verifies that element ``locator`` contains exact the text ``expected``.</doc>
<status status="PASS" start="2024-09-08T19:36:54.821028" elapsed="0.010873"/>
</kw>
<kw name="Close All Browsers" owner="SeleniumLibrary">
<doc>Closes all open browsers and resets the browser cache.</doc>
<status status="PASS" start="2024-09-08T19:36:54.832298" elapsed="0.058476"/>
</kw>
<doc>Verify that clicking "Add to Cart" for Sauce Labs Backpack updates the button to "Remove" and that the item is added to the cart</doc>
<status status="PASS" start="2024-09-08T19:36:53.596687" elapsed="1.294418"/>
</test>
<status status="PASS" start="2024-09-08T19:36:49.155220" elapsed="5.736341"/>
</suite>
<statistics>
<total>
<stat pass="4" fail="0" skip="0">All Tests</stat>
</total>
<tag>
</tag>
<suite>
<stat pass="4" fail="0" skip="0" id="s1" name="Products Tests">Products Tests</stat>
</suite>
</statistics>
<errors>
</errors>
</robot>
