<?xml version="1.0" encoding="UTF-8"?>
<robot generator="Robot 7.0.1 (Python 3.12.3 on linux)" generated="2024-09-06T15:34:30.518661" rpa="false" schemaversion="5">
<suite id="s1" name="Login Tests" source="/home/sarah/Documentos/RobotFramework/tests/login_tests.robot">
<test id="s1-t1" name="Scenario: Successful Login to Swag Labs" line="54">
<kw name="Open Browser And Access Site">
<kw name="Open Browser" owner="SeleniumLibrary">
<msg time="2024-09-06T15:34:30.599080" level="INFO">Opening browser 'chrome' to base url 'https://www.saucedemo.com/'.</msg>
<arg>${URL_SITE}</arg>
<arg>${BROWSER}</arg>
<doc>Opens a new browser instance to the optional ``url``.</doc>
<status status="PASS" start="2024-09-06T15:34:30.598918" elapsed="1.532187"/>
</kw>
<kw name="Maximize Browser Window" owner="SeleniumLibrary">
<doc>Maximizes current browser window.</doc>
<status status="PASS" start="2024-09-06T15:34:32.131318" elapsed="0.023571"/>
</kw>
<status status="PASS" start="2024-09-06T15:34:30.598478" elapsed="1.556633"/>
</kw>
<kw name="Fill Login Form">
<kw name="Input Text" owner="SeleniumLibrary">
<msg time="2024-09-06T15:34:32.156258" level="INFO">Typing text 'standard_user' into text field 'id=user-name'.</msg>
<arg>${USERNAME_ID}</arg>
<arg>standard_user</arg>
<doc>Types the given ``text`` into the text field identified by ``locator``.</doc>
<status status="PASS" start="2024-09-06T15:34:32.155841" elapsed="0.073437"/>
</kw>
<kw name="Input Text" owner="SeleniumLibrary">
<msg time="2024-09-06T15:34:32.229620" level="INFO">Typing text 'secret_sauce' into text field 'id=password'.</msg>
<arg>${PASSWORD_ID}</arg>
<arg>secret_sauce</arg>
<doc>Types the given ``text`` into the text field identified by ``locator``.</doc>
<status status="PASS" start="2024-09-06T15:34:32.229435" elapsed="0.046942"/>
</kw>
<kw name="Click Button" owner="SeleniumLibrary">
<msg time="2024-09-06T15:34:32.276715" level="INFO">Clicking button 'id=login-button'.</msg>
<arg>${LOGIN_BTN_ID}</arg>
<doc>Clicks the button identified by ``locator``.</doc>
<status status="PASS" start="2024-09-06T15:34:32.276540" elapsed="0.053282"/>
</kw>
<kw name="Go To" owner="SeleniumLibrary">
<msg time="2024-09-06T15:34:32.330114" level="INFO">Opening url 'https://www.saucedemo.com/inventory.html'</msg>
<arg>${URL_PRODUTOS}</arg>
<doc>Navigates the current browser window to the provided ``url``.</doc>
<status status="PASS" start="2024-09-06T15:34:32.329974" elapsed="0.033740"/>
</kw>
<kw name="Close Browser" owner="SeleniumLibrary">
<doc>Closes the current browser.</doc>
<status status="PASS" start="2024-09-06T15:34:32.363954" elapsed="0.073299"/>
</kw>
<status status="PASS" start="2024-09-06T15:34:32.155426" elapsed="0.281935"/>
</kw>
<kw name="Go To" owner="SeleniumLibrary">
<msg time="2024-09-06T15:34:32.437712" level="INFO">Opening url 'https://www.saucedemo.com/inventory.html'</msg>
<msg time="2024-09-06T15:34:32.437749" level="INFO">Cannot capture screenshot because no browser is open.</msg>
<msg time="2024-09-06T15:34:32.437841" level="FAIL">No browser is open.</msg>
<arg>${URL_PRODUTOS}</arg>
<doc>Navigates the current browser window to the provided ``url``.</doc>
<status status="FAIL" start="2024-09-06T15:34:32.437540" elapsed="0.001136">No browser is open.</status>
</kw>
<kw name="Close Browser" owner="SeleniumLibrary">
<doc>Closes the current browser.</doc>
<status status="NOT RUN" start="2024-09-06T15:34:32.438844" elapsed="0.000024"/>
</kw>
<doc>Verify that a user with valid credentials can log in successfully</doc>
<status status="FAIL" start="2024-09-06T15:34:30.598077" elapsed="1.840931">No browser is open.</status>
</test>
<test id="s1-t2" name="Scenario: Login with Invalid Credentials" line="62">
<kw name="Open Browser And Access Site">
<kw name="Open Browser" owner="SeleniumLibrary">
<msg time="2024-09-06T15:34:32.439825" level="INFO">Opening browser 'chrome' to base url 'https://www.saucedemo.com/'.</msg>
<arg>${URL_SITE}</arg>
<arg>${BROWSER}</arg>
<doc>Opens a new browser instance to the optional ``url``.</doc>
<status status="PASS" start="2024-09-06T15:34:32.439695" elapsed="0.751316"/>
</kw>
<kw name="Maximize Browser Window" owner="SeleniumLibrary">
<doc>Maximizes current browser window.</doc>
<status status="PASS" start="2024-09-06T15:34:33.191158" elapsed="0.016149"/>
</kw>
<status status="PASS" start="2024-09-06T15:34:32.439535" elapsed="0.767872"/>
</kw>
<kw name="Fill Login Invalid Form">
<kw name="Input Text" owner="SeleniumLibrary">
<msg time="2024-09-06T15:34:33.207890" level="INFO">Typing text 'standard_user1' into text field 'id=user-name'.</msg>
<arg>${USERNAME_ID}</arg>
<arg>standard_user1</arg>
<doc>Types the given ``text`` into the text field identified by ``locator``.</doc>
<status status="PASS" start="2024-09-06T15:34:33.207747" elapsed="0.076679"/>
</kw>
<kw name="Input Text" owner="SeleniumLibrary">
<msg time="2024-09-06T15:34:33.284806" level="INFO">Typing text 'secret_sauce1' into text field 'id=password'.</msg>
<arg>${PASSWORD_ID}</arg>
<arg>secret_sauce1</arg>
<doc>Types the given ``text`` into the text field identified by ``locator``.</doc>
<status status="PASS" start="2024-09-06T15:34:33.284598" elapsed="0.044077"/>
</kw>
<kw name="Click Button" owner="SeleniumLibrary">
<msg time="2024-09-06T15:34:33.328970" level="INFO">Clicking button 'id=login-button'.</msg>
<arg>${LOGIN_BTN_ID}</arg>
<doc>Clicks the button identified by ``locator``.</doc>
<status status="PASS" start="2024-09-06T15:34:33.328813" elapsed="0.038660"/>
</kw>
<status status="PASS" start="2024-09-06T15:34:33.207574" elapsed="0.160027"/>
</kw>
<kw name="Close Browser" owner="SeleniumLibrary">
<doc>Closes the current browser.</doc>
<status status="PASS" start="2024-09-06T15:34:33.367766" elapsed="0.058415"/>
</kw>
<doc>Verify that an error message is shown when invalid credentials are used</doc>
<status status="PASS" start="2024-09-06T15:34:32.439204" elapsed="0.987194"/>
</test>
<test id="s1-t3" name="Scenario: Leave Login Form Fields Empty" line="68">
<kw name="Open Browser And Access Site">
<kw name="Open Browser" owner="SeleniumLibrary">
<msg time="2024-09-06T15:34:33.427363" level="INFO">Opening browser 'chrome' to base url 'https://www.saucedemo.com/'.</msg>
<arg>${URL_SITE}</arg>
<arg>${BROWSER}</arg>
<doc>Opens a new browser instance to the optional ``url``.</doc>
<status status="PASS" start="2024-09-06T15:34:33.427188" elapsed="0.745882"/>
</kw>
<kw name="Maximize Browser Window" owner="SeleniumLibrary">
<doc>Maximizes current browser window.</doc>
<status status="PASS" start="2024-09-06T15:34:34.173213" elapsed="0.033506"/>
</kw>
<status status="PASS" start="2024-09-06T15:34:33.426898" elapsed="0.779963"/>
</kw>
<kw name="Login Form Fields Empty">
<kw name="Input Text" owner="SeleniumLibrary">
<msg time="2024-09-06T15:34:34.208029" level="INFO">Typing text '' into text field 'id=user-name'.</msg>
<arg>${USERNAME_ID}</arg>
<arg>${EMPTY}</arg>
<doc>Types the given ``text`` into the text field identified by ``locator``.</doc>
<status status="PASS" start="2024-09-06T15:34:34.207417" elapsed="0.093119"/>
</kw>
<kw name="Input Text" owner="SeleniumLibrary">
<msg time="2024-09-06T15:34:34.301303" level="INFO">Typing text '' into text field 'id=password'.</msg>
<arg>${PASSWORD_ID}</arg>
<arg>${EMPTY}</arg>
<doc>Types the given ``text`` into the text field identified by ``locator``.</doc>
<status status="PASS" start="2024-09-06T15:34:34.300753" elapsed="0.041554"/>
</kw>
<kw name="Click Button" owner="SeleniumLibrary">
<msg time="2024-09-06T15:34:34.342632" level="INFO">Clicking button 'id=login-button'.</msg>
<arg>${LOGIN_BTN_ID}</arg>
<doc>Clicks the button identified by ``locator``.</doc>
<status status="PASS" start="2024-09-06T15:34:34.342460" elapsed="0.036820"/>
</kw>
<kw name="Wait Until Element Is Visible" owner="SeleniumLibrary">
<arg>css:.${ERROR_MESSAGE_CLASS}</arg>
<arg>timeout=10s</arg>
<doc>Waits until the element ``locator`` is visible.</doc>
<status status="PASS" start="2024-09-06T15:34:34.379474" elapsed="0.013191"/>
</kw>
<kw name="Element Should Contain" owner="SeleniumLibrary">
<msg time="2024-09-06T15:34:34.406012" level="INFO">Element 'css:.error-message-container h3' contains text 'Epic sadface: Username is required'.</msg>
<arg>css:.${ERROR_MESSAGE_CLASS} h3</arg>
<arg>${USERNAME_REQUIRED_MSG}</arg>
<doc>Verifies that element ``locator`` contains text ``expected``.</doc>
<status status="PASS" start="2024-09-06T15:34:34.392804" elapsed="0.013341"/>
</kw>
<status status="PASS" start="2024-09-06T15:34:34.207121" elapsed="0.199113"/>
</kw>
<kw name="Close Browser" owner="SeleniumLibrary">
<doc>Closes the current browser.</doc>
<status status="PASS" start="2024-09-06T15:34:34.406385" elapsed="0.058599"/>
</kw>
<doc>Verify that an error message is shown when both fields are left empty</doc>
<status status="PASS" start="2024-09-06T15:34:33.426589" elapsed="1.038577"/>
</test>
<test id="s1-t4" name="Scenario: Leave Username Field Empty" line="74">
<kw name="Open Browser And Access Site">
<kw name="Open Browser" owner="SeleniumLibrary">
<msg time="2024-09-06T15:34:34.465995" level="INFO">Opening browser 'chrome' to base url 'https://www.saucedemo.com/'.</msg>
<arg>${URL_SITE}</arg>
<arg>${BROWSER}</arg>
<doc>Opens a new browser instance to the optional ``url``.</doc>
<status status="PASS" start="2024-09-06T15:34:34.465838" elapsed="0.796024"/>
</kw>
<kw name="Maximize Browser Window" owner="SeleniumLibrary">
<doc>Maximizes current browser window.</doc>
<status status="PASS" start="2024-09-06T15:34:35.262005" elapsed="0.017576"/>
</kw>
<status status="PASS" start="2024-09-06T15:34:34.465643" elapsed="0.814033"/>
</kw>
<kw name="Login Form Fields with Username Empty">
<kw name="Input Text" owner="SeleniumLibrary">
<msg time="2024-09-06T15:34:35.280373" level="INFO">Typing text '' into text field 'id=user-name'.</msg>
<arg>${USERNAME_ID}</arg>
<arg>${EMPTY}</arg>
<doc>Types the given ``text`` into the text field identified by ``locator``.</doc>
<status status="PASS" start="2024-09-06T15:34:35.280029" elapsed="0.060734"/>
</kw>
<kw name="Input Text" owner="SeleniumLibrary">
<msg time="2024-09-06T15:34:35.341238" level="INFO">Typing text '123' into text field 'id=password'.</msg>
<arg>${PASSWORD_ID}</arg>
<arg>123</arg>
<doc>Types the given ``text`` into the text field identified by ``locator``.</doc>
<status status="PASS" start="2024-09-06T15:34:35.340964" elapsed="0.042967"/>
</kw>
<kw name="Click Button" owner="SeleniumLibrary">
<msg time="2024-09-06T15:34:35.384381" level="INFO">Clicking button 'id=login-button'.</msg>
<arg>${LOGIN_BTN_ID}</arg>
<doc>Clicks the button identified by ``locator``.</doc>
<status status="PASS" start="2024-09-06T15:34:35.384132" elapsed="0.034622"/>
</kw>
<kw name="Wait Until Element Is Visible" owner="SeleniumLibrary">
<arg>css:.${ERROR_MESSAGE_CLASS}</arg>
<arg>timeout=10s</arg>
<doc>Waits until the element ``locator`` is visible.</doc>
<status status="PASS" start="2024-09-06T15:34:35.418932" elapsed="0.012355"/>
</kw>
<kw name="Element Should Contain" owner="SeleniumLibrary">
<msg time="2024-09-06T15:34:35.446100" level="INFO">Element 'css:.error-message-container h3' contains text 'Epic sadface: Username is required'.</msg>
<arg>css:.${ERROR_MESSAGE_CLASS} h3</arg>
<arg>${USERNAME_REQUIRED_MSG}</arg>
<doc>Verifies that element ``locator`` contains text ``expected``.</doc>
<status status="PASS" start="2024-09-06T15:34:35.431482" elapsed="0.014694"/>
</kw>
<status status="PASS" start="2024-09-06T15:34:35.279848" elapsed="0.166426"/>
</kw>
<kw name="Close Browser" owner="SeleniumLibrary">
<doc>Closes the current browser.</doc>
<status status="PASS" start="2024-09-06T15:34:35.446472" elapsed="0.060314"/>
</kw>
<doc>Verify that an error message is shown when the username field is left empty</doc>
<status status="PASS" start="2024-09-06T15:34:34.465338" elapsed="1.041642"/>
</test>
<test id="s1-t5" name="Scenario: Leave Password Field Empty" line="80">
<kw name="Open Browser And Access Site">
<kw name="Open Browser" owner="SeleniumLibrary">
<msg time="2024-09-06T15:34:35.507938" level="INFO">Opening browser 'chrome' to base url 'https://www.saucedemo.com/'.</msg>
<arg>${URL_SITE}</arg>
<arg>${BROWSER}</arg>
<doc>Opens a new browser instance to the optional ``url``.</doc>
<status status="PASS" start="2024-09-06T15:34:35.507788" elapsed="0.759667"/>
</kw>
<kw name="Maximize Browser Window" owner="SeleniumLibrary">
<doc>Maximizes current browser window.</doc>
<status status="PASS" start="2024-09-06T15:34:36.267622" elapsed="0.013388"/>
</kw>
<status status="PASS" start="2024-09-06T15:34:35.507581" elapsed="0.773543"/>
</kw>
<kw name="Fill Login Form with Password Empty">
<kw name="Input Text" owner="SeleniumLibrary">
<msg time="2024-09-06T15:34:36.281910" level="INFO">Typing text 'user' into text field 'id=user-name'.</msg>
<arg>${USERNAME_ID}</arg>
<arg>user</arg>
<doc>Types the given ``text`` into the text field identified by ``locator``.</doc>
<status status="PASS" start="2024-09-06T15:34:36.281722" elapsed="0.069893"/>
</kw>
<kw name="Input Text" owner="SeleniumLibrary">
<msg time="2024-09-06T15:34:36.352437" level="INFO">Typing text '' into text field 'id=password'.</msg>
<arg>${PASSWORD_ID}</arg>
<arg>${EMPTY}</arg>
<doc>Types the given ``text`` into the text field identified by ``locator``.</doc>
<status status="PASS" start="2024-09-06T15:34:36.351831" elapsed="0.038454"/>
</kw>
<kw name="Click Button" owner="SeleniumLibrary">
<msg time="2024-09-06T15:34:36.390642" level="INFO">Clicking button 'id=login-button'.</msg>
<arg>${LOGIN_BTN_ID}</arg>
<doc>Clicks the button identified by ``locator``.</doc>
<status status="PASS" start="2024-09-06T15:34:36.390437" elapsed="0.035917"/>
</kw>
<kw name="Wait Until Element Is Visible" owner="SeleniumLibrary">
<arg>css:.${ERROR_MESSAGE_CLASS}</arg>
<arg>timeout=10s</arg>
<doc>Waits until the element ``locator`` is visible.</doc>
<status status="PASS" start="2024-09-06T15:34:36.426518" elapsed="0.013389"/>
</kw>
<kw name="Element Should Contain" owner="SeleniumLibrary">
<msg time="2024-09-06T15:34:36.453922" level="INFO">Element 'css:.error-message-container h3' contains text 'Epic sadface: Password is required'.</msg>
<arg>css:.${ERROR_MESSAGE_CLASS} h3</arg>
<arg>${PASSWORD_REQUIRED_MSG}</arg>
<doc>Verifies that element ``locator`` contains text ``expected``.</doc>
<status status="PASS" start="2024-09-06T15:34:36.440044" elapsed="0.013949"/>
</kw>
<status status="PASS" start="2024-09-06T15:34:36.281401" elapsed="0.172670"/>
</kw>
<kw name="Close Browser" owner="SeleniumLibrary">
<doc>Closes the current browser.</doc>
<status status="PASS" start="2024-09-06T15:34:36.454210" elapsed="0.058197"/>
</kw>
<doc>Verify that an error message is shown when the password field is left empty</doc>
<status status="PASS" start="2024-09-06T15:34:35.507189" elapsed="1.005411"/>
</test>
<status status="FAIL" start="2024-09-06T15:34:30.519232" elapsed="5.993695"/>
</suite>
<statistics>
<total>
<stat pass="4" fail="1" skip="0">All Tests</stat>
</total>
<tag>
</tag>
<suite>
<stat pass="4" fail="1" skip="0" id="s1" name="Login Tests">Login Tests</stat>
</suite>
</statistics>
<errors>
</errors>
</robot>
